2021-09-15 10:14:56.069 -03:00 [INF] Iniciando a aplicação
2021-09-15 10:14:56.484 -03:00 [FTL] Aplicação encerrada devido a um erro
System.ArgumentNullException: String reference not set to an instance of a String. (Parameter 's')
   at System.Text.Encoding.GetBytes(String s)
   at termoRefeicoes.Startup.ConfigureServices(IServiceCollection services) in C:\www\termoRefeicoes\app\src\TermoRefeicoes\Startup.cs:line 76
   at System.RuntimeMethodHandle.InvokeMethod(Object target, Object[] arguments, Signature sig, Boolean constructor, Boolean wrapExceptions)
   at System.Reflection.RuntimeMethodInfo.Invoke(Object obj, BindingFlags invokeAttr, Binder binder, Object[] parameters, CultureInfo culture)
   at Microsoft.AspNetCore.Hosting.ConfigureServicesBuilder.InvokeCore(Object instance, IServiceCollection services)
   at Microsoft.AspNetCore.Hosting.ConfigureServicesBuilder.<>c__DisplayClass9_0.<Invoke>g__Startup|0(IServiceCollection serviceCollection)
   at Microsoft.AspNetCore.Hosting.ConfigureServicesBuilder.Invoke(Object instance, IServiceCollection services)
   at Microsoft.AspNetCore.Hosting.ConfigureServicesBuilder.<>c__DisplayClass8_0.<Build>b__0(IServiceCollection services)
   at Microsoft.AspNetCore.Hosting.GenericWebHostBuilder.UseStartup(Type startupType, HostBuilderContext context, IServiceCollection services, Object instance)
   at Microsoft.AspNetCore.Hosting.GenericWebHostBuilder.<>c__DisplayClass13_0.<UseStartup>b__0(HostBuilderContext context, IServiceCollection services)
   at Microsoft.Extensions.Hosting.HostBuilder.CreateServiceProvider()
   at Microsoft.Extensions.Hosting.HostBuilder.Build()
   at termoRefeicoes.Program.Main(String[] args) in C:\www\termoRefeicoes\app\src\TermoRefeicoes\Program.cs:line 30
2021-09-15 10:16:06.463 -03:00 [INF] Iniciando a aplicação
2021-09-15 10:16:06.837 -03:00 [FTL] Aplicação encerrada devido a um erro
System.ArgumentNullException: String reference not set to an instance of a String. (Parameter 's')
   at System.Text.Encoding.GetBytes(String s)
   at termoRefeicoes.Startup.ConfigureServices(IServiceCollection services) in C:\www\termoRefeicoes\app\src\TermoRefeicoes\Startup.cs:line 76
   at System.RuntimeMethodHandle.InvokeMethod(Object target, Object[] arguments, Signature sig, Boolean constructor, Boolean wrapExceptions)
   at System.Reflection.RuntimeMethodInfo.Invoke(Object obj, BindingFlags invokeAttr, Binder binder, Object[] parameters, CultureInfo culture)
   at Microsoft.AspNetCore.Hosting.ConfigureServicesBuilder.InvokeCore(Object instance, IServiceCollection services)
   at Microsoft.AspNetCore.Hosting.ConfigureServicesBuilder.<>c__DisplayClass9_0.<Invoke>g__Startup|0(IServiceCollection serviceCollection)
   at Microsoft.AspNetCore.Hosting.ConfigureServicesBuilder.Invoke(Object instance, IServiceCollection services)
   at Microsoft.AspNetCore.Hosting.ConfigureServicesBuilder.<>c__DisplayClass8_0.<Build>b__0(IServiceCollection services)
   at Microsoft.AspNetCore.Hosting.GenericWebHostBuilder.UseStartup(Type startupType, HostBuilderContext context, IServiceCollection services, Object instance)
   at Microsoft.AspNetCore.Hosting.GenericWebHostBuilder.<>c__DisplayClass13_0.<UseStartup>b__0(HostBuilderContext context, IServiceCollection services)
   at Microsoft.Extensions.Hosting.HostBuilder.CreateServiceProvider()
   at Microsoft.Extensions.Hosting.HostBuilder.Build()
   at termoRefeicoes.Program.Main(String[] args) in C:\www\termoRefeicoes\app\src\TermoRefeicoes\Program.cs:line 30
2021-09-15 10:17:01.638 -03:00 [INF] Iniciando a aplicação
2021-09-15 10:17:01.989 -03:00 [FTL] Aplicação encerrada devido a um erro
System.ArgumentNullException: String reference not set to an instance of a String. (Parameter 's')
   at System.Text.Encoding.GetBytes(String s)
   at termoRefeicoes.Startup.ConfigureServices(IServiceCollection services) in C:\www\termoRefeicoes\app\src\TermoRefeicoes\Startup.cs:line 76
   at System.RuntimeMethodHandle.InvokeMethod(Object target, Object[] arguments, Signature sig, Boolean constructor, Boolean wrapExceptions)
   at System.Reflection.RuntimeMethodInfo.Invoke(Object obj, BindingFlags invokeAttr, Binder binder, Object[] parameters, CultureInfo culture)
   at Microsoft.AspNetCore.Hosting.ConfigureServicesBuilder.InvokeCore(Object instance, IServiceCollection services)
   at Microsoft.AspNetCore.Hosting.ConfigureServicesBuilder.<>c__DisplayClass9_0.<Invoke>g__Startup|0(IServiceCollection serviceCollection)
   at Microsoft.AspNetCore.Hosting.ConfigureServicesBuilder.Invoke(Object instance, IServiceCollection services)
   at Microsoft.AspNetCore.Hosting.ConfigureServicesBuilder.<>c__DisplayClass8_0.<Build>b__0(IServiceCollection services)
   at Microsoft.AspNetCore.Hosting.GenericWebHostBuilder.UseStartup(Type startupType, HostBuilderContext context, IServiceCollection services, Object instance)
   at Microsoft.AspNetCore.Hosting.GenericWebHostBuilder.<>c__DisplayClass13_0.<UseStartup>b__0(HostBuilderContext context, IServiceCollection services)
   at Microsoft.Extensions.Hosting.HostBuilder.CreateServiceProvider()
   at Microsoft.Extensions.Hosting.HostBuilder.Build()
   at termoRefeicoes.Program.Main(String[] args) in C:\www\termoRefeicoes\app\src\TermoRefeicoes\Program.cs:line 30
2021-09-15 10:19:05.811 -03:00 [INF] Iniciando a aplicação
2021-09-15 10:19:06.233 -03:00 [FTL] Aplicação encerrada devido a um erro
System.ArgumentNullException: String reference not set to an instance of a String. (Parameter 's')
   at System.Text.Encoding.GetBytes(String s)
   at termoRefeicoes.Startup.ConfigureServices(IServiceCollection services) in C:\www\termoRefeicoes\app\src\TermoRefeicoes\Startup.cs:line 76
   at System.RuntimeMethodHandle.InvokeMethod(Object target, Object[] arguments, Signature sig, Boolean constructor, Boolean wrapExceptions)
   at System.Reflection.RuntimeMethodInfo.Invoke(Object obj, BindingFlags invokeAttr, Binder binder, Object[] parameters, CultureInfo culture)
   at Microsoft.AspNetCore.Hosting.ConfigureServicesBuilder.InvokeCore(Object instance, IServiceCollection services)
   at Microsoft.AspNetCore.Hosting.ConfigureServicesBuilder.<>c__DisplayClass9_0.<Invoke>g__Startup|0(IServiceCollection serviceCollection)
   at Microsoft.AspNetCore.Hosting.ConfigureServicesBuilder.Invoke(Object instance, IServiceCollection services)
   at Microsoft.AspNetCore.Hosting.ConfigureServicesBuilder.<>c__DisplayClass8_0.<Build>b__0(IServiceCollection services)
   at Microsoft.AspNetCore.Hosting.GenericWebHostBuilder.UseStartup(Type startupType, HostBuilderContext context, IServiceCollection services, Object instance)
   at Microsoft.AspNetCore.Hosting.GenericWebHostBuilder.<>c__DisplayClass13_0.<UseStartup>b__0(HostBuilderContext context, IServiceCollection services)
   at Microsoft.Extensions.Hosting.HostBuilder.CreateServiceProvider()
   at Microsoft.Extensions.Hosting.HostBuilder.Build()
   at termoRefeicoes.Program.Main(String[] args) in C:\www\termoRefeicoes\app\src\TermoRefeicoes\Program.cs:line 30
2021-09-15 10:21:29.985 -03:00 [INF] Iniciando a aplicação
2021-09-15 10:28:48.900 -03:00 [INF] Iniciando a aplicação
2021-09-15 10:28:49.336 -03:00 [FTL] Aplicação encerrada devido a um erro
System.ArgumentNullException: String reference not set to an instance of a String. (Parameter 's')
   at System.Text.Encoding.GetBytes(String s)
   at termoRefeicoes.Startup.ConfigureServices(IServiceCollection services) in C:\www\termoRefeicoes\app\src\TermoRefeicoes\Startup.cs:line 76
   at System.RuntimeMethodHandle.InvokeMethod(Object target, Object[] arguments, Signature sig, Boolean constructor, Boolean wrapExceptions)
   at System.Reflection.RuntimeMethodInfo.Invoke(Object obj, BindingFlags invokeAttr, Binder binder, Object[] parameters, CultureInfo culture)
   at Microsoft.AspNetCore.Hosting.ConfigureServicesBuilder.InvokeCore(Object instance, IServiceCollection services)
   at Microsoft.AspNetCore.Hosting.ConfigureServicesBuilder.<>c__DisplayClass9_0.<Invoke>g__Startup|0(IServiceCollection serviceCollection)
   at Microsoft.AspNetCore.Hosting.ConfigureServicesBuilder.Invoke(Object instance, IServiceCollection services)
   at Microsoft.AspNetCore.Hosting.ConfigureServicesBuilder.<>c__DisplayClass8_0.<Build>b__0(IServiceCollection services)
   at Microsoft.AspNetCore.Hosting.GenericWebHostBuilder.UseStartup(Type startupType, HostBuilderContext context, IServiceCollection services, Object instance)
   at Microsoft.AspNetCore.Hosting.GenericWebHostBuilder.<>c__DisplayClass13_0.<UseStartup>b__0(HostBuilderContext context, IServiceCollection services)
   at Microsoft.Extensions.Hosting.HostBuilder.CreateServiceProvider()
   at Microsoft.Extensions.Hosting.HostBuilder.Build()
   at termoRefeicoes.Program.Main(String[] args) in C:\www\termoRefeicoes\app\src\TermoRefeicoes\Program.cs:line 30
